This file contains any messages produced by compilers while
running configure, to aid debugging if configure makes a mistake.

It was created by Config, which was
generated by GNU Autoconf 2.61.  Invocation command line was

  $ ./Config 

## --------- ##
## Platform. ##
## --------- ##

hostname = skittles
uname -m = i686
uname -r = 2.6.32-042stab076.8
uname -s = Linux
uname -v = #1 SMP Tue May 14 20:38:14 MSK 2013

/usr/bin/uname -p = unknown
/bin/uname -X     = unknown

/bin/arch              = unknown
/usr/bin/arch -k       = unknown
/usr/convex/getsysinfo = unknown
/usr/bin/hostinfo      = unknown
/bin/machine           = unknown
/usr/bin/oslevel       = unknown
/bin/universe          = unknown

PATH: /usr/local/sbin
PATH: /usr/local/bin
PATH: /usr/sbin
PATH: /usr/bin
PATH: /sbin
PATH: /bin
PATH: /usr/games


## ----------- ##
## Core tests. ##
## ----------- ##

Config:1971: checking for gcc
Config:1987: found /usr/bin/gcc
Config:1998: result: gcc
Config:2236: checking for C compiler version
Config:2243: gcc --version >&5
gcc (Ubuntu/Linaro 4.6.3-1ubuntu5) 4.6.3
Copyright (C) 2011 Free Software Foundation, Inc.
This is free software; see the source for copying conditions.  There is NO
warranty; not even for MERCHANTABILITY or FITNESS FOR A PARTICULAR PURPOSE.

Config:2246: $? = 0
Config:2253: gcc -v >&5
Using built-in specs.
COLLECT_GCC=gcc
COLLECT_LTO_WRAPPER=/usr/lib/gcc/i686-linux-gnu/4.6/lto-wrapper
Target: i686-linux-gnu
Configured with: ../src/configure -v --with-pkgversion='Ubuntu/Linaro 4.6.3-1ubuntu5' --with-bugurl=file:///usr/share/doc/gcc-4.6/README.Bugs --enable-languages=c,c++,fortran,objc,obj-c++ --prefix=/usr --program-suffix=-4.6 --enable-shared --enable-linker-build-id --with-system-zlib --libexecdir=/usr/lib --without-included-gettext --enable-threads=posix --with-gxx-include-dir=/usr/include/c++/4.6 --libdir=/usr/lib --enable-nls --with-sysroot=/ --enable-clocale=gnu --enable-libstdcxx-debug --enable-libstdcxx-time=yes --enable-gnu-unique-object --enable-plugin --enable-objc-gc --enable-targets=all --disable-werror --with-arch-32=i686 --with-tune=generic --enable-checking=release --build=i686-linux-gnu --host=i686-linux-gnu --target=i686-linux-gnu
Thread model: posix
gcc version 4.6.3 (Ubuntu/Linaro 4.6.3-1ubuntu5) 
Config:2256: $? = 0
Config:2263: gcc -V >&5
gcc: error: unrecognized option '-V'
gcc: fatal error: no input files
compilation terminated.
Config:2266: $? = 4
Config:2289: checking for C compiler default output file name
Config:2316: gcc    conftest.c  >&5
Config:2319: $? = 0
Config:2357: result: a.out
Config:2374: checking whether the C compiler works
Config:2384: ./a.out
Config:2387: $? = 0
Config:2404: result: yes
Config:2411: checking whether we are cross compiling
Config:2413: result: no
Config:2416: checking for suffix of executables
Config:2423: gcc -o conftest    conftest.c  >&5
Config:2426: $? = 0
Config:2450: result: 
Config:2456: checking for suffix of object files
Config:2482: gcc -c   conftest.c >&5
Config:2485: $? = 0
Config:2508: result: o
Config:2512: checking whether we are using the GNU C compiler
Config:2541: gcc -c   conftest.c >&5
Config:2547: $? = 0
Config:2564: result: yes
Config:2569: checking whether gcc accepts -g
Config:2599: gcc -c -g  conftest.c >&5
Config:2605: $? = 0
Config:2704: result: yes
Config:2721: checking for gcc option to accept ISO C89
Config:2795: gcc  -c -g -O2  conftest.c >&5
Config:2801: $? = 0
Config:2824: result: none needed
Config:2845: checking if we are using TenDRA or MIPSpro
Config:2861: result: no
Config:2867: checking if we are using Sun WorkShop/Forte
Config:2883: result: no
Config:2888: checking if we are using Apple GCC
Config:2897: result: no
Config:2903: checking if your compiler supports the SVR4 Software Generation System interfaces
Config:2909: result: no
Config:2952: checking how to generate dependancy info
Config:2965: result: assuming gcc -MM
Config:2977: checking for library containing strerror
Config:3018: gcc -o conftest    conftest.c  >&5
Config:3024: $? = 0
Config:3052: result: none required
Config:3060: checking whether make sets $(MAKE)
Config:3081: result: yes
Config:3096: checking build system type
Config:3114: result: i686-pc-linux-gnu
Config:3136: checking host system type
Config:3151: result: i686-pc-linux-gnu
Config:3173: checking target system type
Config:3188: result: i686-pc-linux-gnu
Config:3219: checking for rm
Config:3237: found /bin/rm
Config:3249: result: /bin/rm
Config:3259: checking for cp
Config:3277: found /bin/cp
Config:3289: result: /bin/cp
Config:3299: checking for mv
Config:3317: found /bin/mv
Config:3329: result: /bin/mv
Config:3339: checking for ln
Config:3357: found /bin/ln
Config:3369: result: /bin/ln
Config:3379: checking for sed
Config:3397: found /bin/sed
Config:3409: result: /bin/sed
Config:3419: checking for ar
Config:3437: found /usr/bin/ar
Config:3449: result: /usr/bin/ar
Config:3459: checking for ld
Config:3477: found /usr/bin/ld
Config:3489: result: /usr/bin/ld
Config:3510: checking for a BSD-compatible install
Config:3566: result: /usr/bin/install -c
Config:3620: checking for ranlib
Config:3636: found /usr/bin/ranlib
Config:3647: result: ranlib
Config:3673: checking for inline
Config:3699: gcc -c   conftest.c >&5
Config:3705: $? = 0
Config:3723: result: inline
Config:3752: checking for gethostbyname in -lnsl
Config:3787: gcc -o conftest    conftest.c -lnsl   >&5
Config:3793: $? = 0
Config:3811: result: yes
Config:3822: checking for res_mkquery
Config:3878: gcc -o conftest    conftest.c -lnsl  >&5
/tmp/ccw3xeSt.o: In function `main':
conftest.c:(.text+0x7): undefined reference to `res_mkquery'
collect2: ld returned 1 exit status
Config:3884: $? = 1
Config: failed program was:
| /* confdefs.h.  */
| #define PACKAGE_NAME ""
| #define PACKAGE_TARNAME ""
| #define PACKAGE_VERSION ""
| #define PACKAGE_STRING ""
| #define PACKAGE_BUGREPORT ""
| #define HAVE_LIBNSL 1
| /* end confdefs.h.  */
| /* Define res_mkquery to an innocuous variant, in case <limits.h> declares res_mkquery.
|    For example, HP-UX 11i <limits.h> declares gettimeofday.  */
| #define res_mkquery innocuous_res_mkquery
| 
| /* System header to define __stub macros and hopefully few prototypes,
|     which can conflict with char res_mkquery (); below.
|     Prefer <limits.h> to <assert.h> if __STDC__ is defined, since
|     <limits.h> exists even on freestanding compilers.  */
| 
| #ifdef __STDC__
| # include <limits.h>
| #else
| # include <assert.h>
| #endif
| 
| #undef res_mkquery
| 
| /* Override any GCC internal prototype to avoid an error.
|    Use char because int might match the return type of a GCC
|    builtin and then its argument prototype would still apply.  */
| #ifdef __cplusplus
| extern "C"
| #endif
| char res_mkquery ();
| /* The GNU C library defines this for functions which it implements
|     to always fail with ENOSYS.  Some functions are actually named
|     something starting with __ and the normal name is an alias.  */
| #if defined __stub_res_mkquery || defined __stub___res_mkquery
| choke me
| #endif
| 
| int
| main ()
| {
| return res_mkquery ();
|   ;
|   return 0;
| }
Config:3901: result: no
Config:3907: checking for res_mkquery in -lresolv
Config:3942: gcc -o conftest    conftest.c -lresolv  -lnsl  >&5
Config:3948: $? = 0
Config:3966: result: yes
Config:3979: checking for __res_mkquery
Config:4035: gcc -o conftest    conftest.c -lresolv -lnsl  >&5
Config:4041: $? = 0
Config:4058: result: yes
Config:4137: checking for socket in -lsocket
Config:4172: gcc -o conftest    conftest.c -lsocket  -lresolv -lnsl  >&5
/usr/bin/ld: cannot find -lsocket
collect2: ld returned 1 exit status
Config:4178: $? = 1
Config: failed program was:
| /* confdefs.h.  */
| #define PACKAGE_NAME ""
| #define PACKAGE_TARNAME ""
| #define PACKAGE_VERSION ""
| #define PACKAGE_STRING ""
| #define PACKAGE_BUGREPORT ""
| #define HAVE_LIBNSL 1
| #define HAVE_LIBRESOLV 1
| /* end confdefs.h.  */
| 
| /* Override any GCC internal prototype to avoid an error.
|    Use char because int might match the return type of a GCC
|    builtin and then its argument prototype would still apply.  */
| #ifdef __cplusplus
| extern "C"
| #endif
| char socket ();
| int
| main ()
| {
| return socket ();
|   ;
|   return 0;
| }
Config:4196: result: no
Config:4207: checking for crypt
Config:4263: gcc -o conftest    conftest.c -lresolv -lnsl  >&5
/tmp/ccYK2NXK.o: In function `main':
conftest.c:(.text+0x7): undefined reference to `crypt'
collect2: ld returned 1 exit status
Config:4269: $? = 1
Config: failed program was:
| /* confdefs.h.  */
| #define PACKAGE_NAME ""
| #define PACKAGE_TARNAME ""
| #define PACKAGE_VERSION ""
| #define PACKAGE_STRING ""
| #define PACKAGE_BUGREPORT ""
| #define HAVE_LIBNSL 1
| #define HAVE_LIBRESOLV 1
| /* end confdefs.h.  */
| /* Define crypt to an innocuous variant, in case <limits.h> declares crypt.
|    For example, HP-UX 11i <limits.h> declares gettimeofday.  */
| #define crypt innocuous_crypt
| 
| /* System header to define __stub macros and hopefully few prototypes,
|     which can conflict with char crypt (); below.
|     Prefer <limits.h> to <assert.h> if __STDC__ is defined, since
|     <limits.h> exists even on freestanding compilers.  */
| 
| #ifdef __STDC__
| # include <limits.h>
| #else
| # include <assert.h>
| #endif
| 
| #undef crypt
| 
| /* Override any GCC internal prototype to avoid an error.
|    Use char because int might match the return type of a GCC
|    builtin and then its argument prototype would still apply.  */
| #ifdef __cplusplus
| extern "C"
| #endif
| char crypt ();
| /* The GNU C library defines this for functions which it implements
|     to always fail with ENOSYS.  Some functions are actually named
|     something starting with __ and the normal name is an alias.  */
| #if defined __stub_crypt || defined __stub___crypt
| choke me
| #endif
| 
| int
| main ()
| {
| return crypt ();
|   ;
|   return 0;
| }
Config:4286: result: no
Config:4292: checking for crypt in -ldescrypt
Config:4327: gcc -o conftest    conftest.c -ldescrypt  -lresolv -lnsl  >&5
/usr/bin/ld: cannot find -ldescrypt
collect2: ld returned 1 exit status
Config:4333: $? = 1
Config: failed program was:
| /* confdefs.h.  */
| #define PACKAGE_NAME ""
| #define PACKAGE_TARNAME ""
| #define PACKAGE_VERSION ""
| #define PACKAGE_STRING ""
| #define PACKAGE_BUGREPORT ""
| #define HAVE_LIBNSL 1
| #define HAVE_LIBRESOLV 1
| /* end confdefs.h.  */
| 
| /* Override any GCC internal prototype to avoid an error.
|    Use char because int might match the return type of a GCC
|    builtin and then its argument prototype would still apply.  */
| #ifdef __cplusplus
| extern "C"
| #endif
| char crypt ();
| int
| main ()
| {
| return crypt ();
|   ;
|   return 0;
| }
Config:4351: result: no
Config:4362: checking for crypt in -lcrypt
Config:4397: gcc -o conftest    conftest.c -lcrypt  -lresolv -lnsl  >&5
Config:4403: $? = 0
Config:4421: result: yes
Config:4442: checking how to run the C preprocessor
Config:4482: gcc -E  conftest.c
Config:4488: $? = 0
Config:4519: gcc -E  conftest.c
conftest.c:11:28: fatal error: ac_nonexistent.h: No such file or directory
compilation terminated.
Config:4525: $? = 1
Config: failed program was:
| /* confdefs.h.  */
| #define PACKAGE_NAME ""
| #define PACKAGE_TARNAME ""
| #define PACKAGE_VERSION ""
| #define PACKAGE_STRING ""
| #define PACKAGE_BUGREPORT ""
| #define HAVE_LIBNSL 1
| #define HAVE_LIBRESOLV 1
| #define HAVE_LIBCRYPT 1
| /* end confdefs.h.  */
| #include <ac_nonexistent.h>
Config:4558: result: gcc -E
Config:4587: gcc -E  conftest.c
Config:4593: $? = 0
Config:4624: gcc -E  conftest.c
conftest.c:11:28: fatal error: ac_nonexistent.h: No such file or directory
compilation terminated.
Config:4630: $? = 1
Config: failed program was:
| /* confdefs.h.  */
| #define PACKAGE_NAME ""
| #define PACKAGE_TARNAME ""
| #define PACKAGE_VERSION ""
| #define PACKAGE_STRING ""
| #define PACKAGE_BUGREPORT ""
| #define HAVE_LIBNSL 1
| #define HAVE_LIBRESOLV 1
| #define HAVE_LIBCRYPT 1
| /* end confdefs.h.  */
| #include <ac_nonexistent.h>
Config:4668: checking for grep that handles long lines and -e
Config:4742: result: /bin/grep
Config:4747: checking for egrep
Config:4825: result: /bin/grep -E
Config:4830: checking for ANSI C header files
Config:4860: gcc -c   conftest.c >&5
Config:4866: $? = 0
Config:4965: gcc -o conftest    conftest.c -lcrypt -lresolv -lnsl  >&5
Config:4968: $? = 0
Config:4974: ./conftest
Config:4977: $? = 0
Config:4994: result: yes
Config:5018: checking for sys/types.h
Config:5039: gcc -c   conftest.c >&5
Config:5045: $? = 0
Config:5061: result: yes
Config:5018: checking for sys/stat.h
Config:5039: gcc -c   conftest.c >&5
Config:5045: $? = 0
Config:5061: result: yes
Config:5018: checking for stdlib.h
Config:5039: gcc -c   conftest.c >&5
Config:5045: $? = 0
Config:5061: result: yes
Config:5018: checking for string.h
Config:5039: gcc -c   conftest.c >&5
Config:5045: $? = 0
Config:5061: result: yes
Config:5018: checking for memory.h
Config:5039: gcc -c   conftest.c >&5
Config:5045: $? = 0
Config:5061: result: yes
Config:5018: checking for strings.h
Config:5039: gcc -c   conftest.c >&5
Config:5045: $? = 0
Config:5061: result: yes
Config:5018: checking for inttypes.h
Config:5039: gcc -c   conftest.c >&5
Config:5045: $? = 0
Config:5061: result: yes
Config:5018: checking for stdint.h
Config:5039: gcc -c   conftest.c >&5
Config:5045: $? = 0
Config:5061: result: yes
Config:5018: checking for unistd.h
Config:5039: gcc -c   conftest.c >&5
Config:5045: $? = 0
Config:5061: result: yes
Config:5093: checking fcntl.h usability
Config:5110: gcc -c   conftest.c >&5
Config:5116: $? = 0
Config:5130: result: yes
Config:5134: checking fcntl.h presence
Config:5149: gcc -E  conftest.c
Config:5155: $? = 0
Config:5169: result: yes
Config:5197: checking for fcntl.h
Config:5205: result: yes
Config:5093: checking limits.h usability
Config:5110: gcc -c   conftest.c >&5
Config:5116: $? = 0
Config:5130: result: yes
Config:5134: checking limits.h presence
Config:5149: gcc -E  conftest.c
Config:5155: $? = 0
Config:5169: result: yes
Config:5197: checking for limits.h
Config:5205: result: yes
Config:5093: checking malloc.h usability
Config:5110: gcc -c   conftest.c >&5
Config:5116: $? = 0
Config:5130: result: yes
Config:5134: checking malloc.h presence
Config:5149: gcc -E  conftest.c
Config:5155: $? = 0
Config:5169: result: yes
Config:5197: checking for malloc.h
Config:5205: result: yes
Config:5093: checking netdb.h usability
Config:5110: gcc -c   conftest.c >&5
Config:5116: $? = 0
Config:5130: result: yes
Config:5134: checking netdb.h presence
Config:5149: gcc -E  conftest.c
Config:5155: $? = 0
Config:5169: result: yes
Config:5197: checking for netdb.h
Config:5205: result: yes
Config:5093: checking netinet/in.h usability
Config:5110: gcc -c   conftest.c >&5
Config:5116: $? = 0
Config:5130: result: yes
Config:5134: checking netinet/in.h presence
Config:5149: gcc -E  conftest.c
Config:5155: $? = 0
Config:5169: result: yes
Config:5197: checking for netinet/in.h
Config:5205: result: yes
Config:5093: checking stddef.h usability
Config:5110: gcc -c   conftest.c >&5
Config:5116: $? = 0
Config:5130: result: yes
Config:5134: checking stddef.h presence
Config:5149: gcc -E  conftest.c
Config:5155: $? = 0
Config:5169: result: yes
Config:5197: checking for stddef.h
Config:5205: result: yes
Config:5227: checking for stdlib.h
Config:5233: result: yes
Config:5227: checking for string.h
Config:5233: result: yes
Config:5227: checking for strings.h
Config:5233: result: yes
Config:5237: checking sys/file.h usability
Config:5254: gcc -c   conftest.c >&5
Config:5260: $? = 0
Config:5274: result: yes
Config:5278: checking sys/file.h presence
Config:5293: gcc -E  conftest.c
Config:5299: $? = 0
Config:5313: result: yes
Config:5341: checking for sys/file.h
Config:5349: result: yes
Config:5237: checking sys/ioctl.h usability
Config:5254: gcc -c   conftest.c >&5
Config:5260: $? = 0
Config:5274: result: yes
Config:5278: checking sys/ioctl.h presence
Config:5293: gcc -E  conftest.c
Config:5299: $? = 0
Config:5313: result: yes
Config:5341: checking for sys/ioctl.h
Config:5349: result: yes
Config:5381: checking sys/param.h usability
Config:5398: gcc -c   conftest.c >&5
Config:5404: $? = 0
Config:5418: result: yes
Config:5422: checking sys/param.h presence
Config:5437: gcc -E  conftest.c
Config:5443: $? = 0
Config:5457: result: yes
Config:5485: checking for sys/param.h
Config:5493: result: yes
Config:5381: checking sys/socket.h usability
Config:5398: gcc -c   conftest.c >&5
Config:5404: $? = 0
Config:5418: result: yes
Config:5422: checking sys/socket.h presence
Config:5437: gcc -E  conftest.c
Config:5443: $? = 0
Config:5457: result: yes
Config:5485: checking for sys/socket.h
Config:5493: result: yes
Config:5381: checking sys/time.h usability
Config:5398: gcc -c   conftest.c >&5
Config:5404: $? = 0
Config:5418: result: yes
Config:5422: checking sys/time.h presence
Config:5437: gcc -E  conftest.c
Config:5443: $? = 0
Config:5457: result: yes
Config:5485: checking for sys/time.h
Config:5493: result: yes
Config:5381: checking syslog.h usability
Config:5398: gcc -c   conftest.c >&5
Config:5404: $? = 0
Config:5418: result: yes
Config:5422: checking syslog.h presence
Config:5437: gcc -E  conftest.c
Config:5443: $? = 0
Config:5457: result: yes
Config:5485: checking for syslog.h
Config:5493: result: yes
Config:5371: checking for unistd.h
Config:5377: result: yes
Config:5521: checking utmp.h usability
Config:5538: gcc -c   conftest.c >&5
Config:5544: $? = 0
Config:5558: result: yes
Config:5562: checking utmp.h presence
Config:5577: gcc -E  conftest.c
Config:5583: $? = 0
Config:5597: result: yes
Config:5625: checking for utmp.h
Config:5633: result: yes
Config:5656: checking for inttypes.h
Config:5662: result: yes
Config:5666: checking sys/resource.h usability
Config:5683: gcc -c   conftest.c >&5
Config:5689: $? = 0
Config:5703: result: yes
Config:5707: checking sys/resource.h presence
Config:5722: gcc -E  conftest.c
Config:5728: $? = 0
Config:5742: result: yes
Config:5770: checking for sys/resource.h
Config:5778: result: yes
Config:5666: checking errno.h usability
Config:5683: gcc -c   conftest.c >&5
Config:5689: $? = 0
Config:5703: result: yes
Config:5707: checking errno.h presence
Config:5722: gcc -E  conftest.c
Config:5728: $? = 0
Config:5742: result: yes
Config:5770: checking for errno.h
Config:5778: result: yes
Config:5656: checking for stdlib.h
Config:5662: result: yes
Config:5656: checking for stddef.h
Config:5662: result: yes
Config:5666: checking getopt.h usability
Config:5683: gcc -c   conftest.c >&5
Config:5689: $? = 0
Config:5703: result: yes
Config:5707: checking getopt.h presence
Config:5722: gcc -E  conftest.c
Config:5728: $? = 0
Config:5742: result: yes
Config:5770: checking for getopt.h
Config:5778: result: yes
Config:5792: checking MIN and MAX definition
Config:5814: result: yes
Config:5824: checking whether gcc needs -traditional
Config:5866: result: no
Config:5882: checking for alarm
Config:5938: gcc -o conftest    conftest.c -lcrypt -lresolv -lnsl  >&5
Config:5944: $? = 0
Config:5962: result: yes
Config:5882: checking for dup2
Config:5938: gcc -o conftest    conftest.c -lcrypt -lresolv -lnsl  >&5
Config:5944: $? = 0
Config:5962: result: yes
Config:5882: checking for gethostbyname
Config:5938: gcc -o conftest    conftest.c -lcrypt -lresolv -lnsl  >&5
Config:5944: $? = 0
Config:5962: result: yes
Config:5882: checking for gethostname
Config:5938: gcc -o conftest    conftest.c -lcrypt -lresolv -lnsl  >&5
Config:5944: $? = 0
Config:5962: result: yes
Config:5882: checking for getpass
Config:5938: gcc -o conftest    conftest.c -lcrypt -lresolv -lnsl  >&5
Config:5944: $? = 0
Config:5962: result: yes
Config:5882: checking for gettimeofday
Config:5938: gcc -o conftest    conftest.c -lcrypt -lresolv -lnsl  >&5
Config:5944: $? = 0
Config:5962: result: yes
Config:5982: checking for inet_ntoa
Config:6038: gcc -o conftest    conftest.c -lcrypt -lresolv -lnsl  >&5
Config:6044: $? = 0
Config:6062: result: yes
Config:5982: checking for isascii
Config:6038: gcc -o conftest    conftest.c -lcrypt -lresolv -lnsl  >&5
conftest.c:75:6: warning: conflicting types for built-in function 'isascii' [enabled by default]
Config:6044: $? = 0
Config:6062: result: yes
Config:5982: checking for memmove
Config:6038: gcc -o conftest    conftest.c -lcrypt -lresolv -lnsl  >&5
conftest.c:76:6: warning: conflicting types for built-in function 'memmove' [enabled by default]
Config:6044: $? = 0
Config:6062: result: yes
Config:5982: checking for memset
Config:6038: gcc -o conftest    conftest.c -lcrypt -lresolv -lnsl  >&5
conftest.c:77:6: warning: conflicting types for built-in function 'memset' [enabled by default]
Config:6044: $? = 0
Config:6062: result: yes
Config:5982: checking for munmap
Config:6038: gcc -o conftest    conftest.c -lcrypt -lresolv -lnsl  >&5
Config:6044: $? = 0
Config:6062: result: yes
Config:5982: checking for setenv
Config:6038: gcc -o conftest    conftest.c -lcrypt -lresolv -lnsl  >&5
Config:6044: $? = 0
Config:6062: result: yes
Config:5982: checking for socket
Config:6038: gcc -o conftest    conftest.c -lcrypt -lresolv -lnsl  >&5
Config:6044: $? = 0
Config:6062: result: yes
Config:6082: checking for strcasecmp
Config:6138: gcc -o conftest    conftest.c -lcrypt -lresolv -lnsl  >&5
conftest.c:81:6: warning: conflicting types for built-in function 'strcasecmp' [enabled by default]
Config:6144: $? = 0
Config:6162: result: yes
Config:6082: checking for strchr
Config:6138: gcc -o conftest    conftest.c -lcrypt -lresolv -lnsl  >&5
conftest.c:82:6: warning: conflicting types for built-in function 'strchr' [enabled by default]
Config:6144: $? = 0
Config:6162: result: yes
Config:6082: checking for strdup
Config:6138: gcc -o conftest    conftest.c -lcrypt -lresolv -lnsl  >&5
conftest.c:83:6: warning: conflicting types for built-in function 'strdup' [enabled by default]
Config:6144: $? = 0
Config:6162: result: yes
Config:6082: checking for strerror
Config:6138: gcc -o conftest    conftest.c -lcrypt -lresolv -lnsl  >&5
Config:6144: $? = 0
Config:6162: result: yes
Config:6082: checking for strncasecmp
Config:6138: gcc -o conftest    conftest.c -lcrypt -lresolv -lnsl  >&5
conftest.c:85:6: warning: conflicting types for built-in function 'strncasecmp' [enabled by default]
Config:6144: $? = 0
Config:6162: result: yes
Config:6082: checking for strrchr
Config:6138: gcc -o conftest    conftest.c -lcrypt -lresolv -lnsl  >&5
conftest.c:86:6: warning: conflicting types for built-in function 'strrchr' [enabled by default]
Config:6144: $? = 0
Config:6162: result: yes
Config:6082: checking for strtol
Config:6138: gcc -o conftest    conftest.c -lcrypt -lresolv -lnsl  >&5
Config:6144: $? = 0
Config:6162: result: yes
Config:6182: checking for strtoul
Config:6238: gcc -o conftest    conftest.c -lcrypt -lresolv -lnsl  >&5
Config:6244: $? = 0
Config:6262: result: yes
Config:6182: checking for index
Config:6238: gcc -o conftest    conftest.c -lcrypt -lresolv -lnsl  >&5
conftest.c:89:6: warning: conflicting types for built-in function 'index' [enabled by default]
Config:6244: $? = 0
Config:6262: result: yes
Config:6182: checking for strerror
Config:6262: result: yes
Config:6182: checking for strtoken
Config:6238: gcc -o conftest    conftest.c -lcrypt -lresolv -lnsl  >&5
/tmp/ccWdBvQI.o: In function `main':
conftest.c:(.text+0x7): undefined reference to `strtoken'
collect2: ld returned 1 exit status
Config:6244: $? = 1
Config: failed program was:
| /* confdefs.h.  */
| #define PACKAGE_NAME ""
| #define PACKAGE_TARNAME ""
| #define PACKAGE_VERSION ""
| #define PACKAGE_STRING ""
| #define PACKAGE_BUGREPORT ""
| #define HAVE_LIBNSL 1
| #define HAVE_LIBRESOLV 1
| #define HAVE_LIBCRYPT 1
| #define STDC_HEADERS 1
| #define HAVE_SYS_TYPES_H 1
| #define HAVE_SYS_STAT_H 1
| #define HAVE_STDLIB_H 1
| #define HAVE_STRING_H 1
| #define HAVE_MEMORY_H 1
| #define HAVE_STRINGS_H 1
| #define HAVE_INTTYPES_H 1
| #define HAVE_STDINT_H 1
| #define HAVE_UNISTD_H 1
| #define HAVE_FCNTL_H 1
| #define HAVE_LIMITS_H 1
| #define HAVE_MALLOC_H 1
| #define HAVE_NETDB_H 1
| #define HAVE_NETINET_IN_H 1
| #define HAVE_STDDEF_H 1
| #define HAVE_STDLIB_H 1
| #define HAVE_STRING_H 1
| #define HAVE_STRINGS_H 1
| #define HAVE_SYS_FILE_H 1
| #define HAVE_SYS_IOCTL_H 1
| #define HAVE_SYS_PARAM_H 1
| #define HAVE_SYS_SOCKET_H 1
| #define HAVE_SYS_TIME_H 1
| #define HAVE_SYSLOG_H 1
| #define HAVE_UNISTD_H 1
| #define HAVE_UTMP_H 1
| #define HAVE_INTTYPES_H 1
| #define HAVE_SYS_RESOURCE_H 1
| #define HAVE_ERRNO_H 1
| #define HAVE_STDLIB_H 1
| #define HAVE_STDDEF_H 1
| #define HAVE_GETOPT_H 1
| #define HAVE_MINMAX 1
| #define HAVE_ALARM 1
| #define HAVE_DUP2 1
| #define HAVE_GETHOSTBYNAME 1
| #define HAVE_GETHOSTNAME 1
| #define HAVE_GETPASS 1
| #define HAVE_GETTIMEOFDAY 1
| #define HAVE_INET_NTOA 1
| #define HAVE_ISASCII 1
| #define HAVE_MEMMOVE 1
| #define HAVE_MEMSET 1
| #define HAVE_MUNMAP 1
| #define HAVE_SETENV 1
| #define HAVE_SOCKET 1
| #define HAVE_STRCASECMP 1
| #define HAVE_STRCHR 1
| #define HAVE_STRDUP 1
| #define HAVE_STRERROR 1
| #define HAVE_STRNCASECMP 1
| #define HAVE_STRRCHR 1
| #define HAVE_STRTOL 1
| #define HAVE_STRTOUL 1
| #define HAVE_INDEX 1
| #define HAVE_STRERROR 1
| /* end confdefs.h.  */
| /* Define strtoken to an innocuous variant, in case <limits.h> declares strtoken.
|    For example, HP-UX 11i <limits.h> declares gettimeofday.  */
| #define strtoken innocuous_strtoken
| 
| /* System header to define __stub macros and hopefully few prototypes,
|     which can conflict with char strtoken (); below.
|     Prefer <limits.h> to <assert.h> if __STDC__ is defined, since
|     <limits.h> exists even on freestanding compilers.  */
| 
| #ifdef __STDC__
| # include <limits.h>
| #else
| # include <assert.h>
| #endif
| 
| #undef strtoken
| 
| /* Override any GCC internal prototype to avoid an error.
|    Use char because int might match the return type of a GCC
|    builtin and then its argument prototype would still apply.  */
| #ifdef __cplusplus
| extern "C"
| #endif
| char strtoken ();
| /* The GNU C library defines this for functions which it implements
|     to always fail with ENOSYS.  Some functions are actually named
|     something starting with __ and the normal name is an alias.  */
| #if defined __stub_strtoken || defined __stub___strtoken
| choke me
| #endif
| 
| int
| main ()
| {
| return strtoken ();
|   ;
|   return 0;
| }
Config:6262: result: no
Config:6182: checking for strtok
Config:6238: gcc -o conftest    conftest.c -lcrypt -lresolv -lnsl  >&5
Config:6244: $? = 0
Config:6262: result: yes
Config:6182: checking for inet_addr
Config:6238: gcc -o conftest    conftest.c -lcrypt -lresolv -lnsl  >&5
Config:6244: $? = 0
Config:6262: result: yes
Config:6182: checking for inet_netof
Config:6238: gcc -o conftest    conftest.c -lcrypt -lresolv -lnsl  >&5
Config:6244: $? = 0
Config:6262: result: yes
Config:6282: checking for inet_aton
Config:6338: gcc -o conftest    conftest.c -lcrypt -lresolv -lnsl  >&5
Config:6344: $? = 0
Config:6362: result: yes
Config:6282: checking for gettimeofday
Config:6362: result: yes
Config:6282: checking for lrand48
Config:6338: gcc -o conftest    conftest.c -lcrypt -lresolv -lnsl  >&5
Config:6344: $? = 0
Config:6362: result: yes
Config:6282: checking for sigaction
Config:6338: gcc -o conftest    conftest.c -lcrypt -lresolv -lnsl  >&5
Config:6344: $? = 0
Config:6362: result: yes
Config:6282: checking for bzero
Config:6338: gcc -o conftest    conftest.c -lcrypt -lresolv -lnsl  >&5
conftest.c:98:6: warning: conflicting types for built-in function 'bzero' [enabled by default]
Config:6344: $? = 0
Config:6362: result: yes
Config:6282: checking for bcmp
Config:6338: gcc -o conftest    conftest.c -lcrypt -lresolv -lnsl  >&5
conftest.c:99:6: warning: conflicting types for built-in function 'bcmp' [enabled by default]
Config:6344: $? = 0
Config:6362: result: yes
Config:6282: checking for bcopy
Config:6338: gcc -o conftest    conftest.c -lcrypt -lresolv -lnsl  >&5
conftest.c:100:6: warning: conflicting types for built-in function 'bcopy' [enabled by default]
Config:6344: $? = 0
Config:6362: result: yes
Config:6382: checking for dn_skipname
Config:6438: gcc -o conftest    conftest.c -lcrypt -lresolv -lnsl  >&5
/tmp/cc9KBzsX.o: In function `main':
conftest.c:(.text+0x7): undefined reference to `dn_skipname'
collect2: ld returned 1 exit status
Config:6444: $? = 1
Config: failed program was:
| /* confdefs.h.  */
| #define PACKAGE_NAME ""
| #define PACKAGE_TARNAME ""
| #define PACKAGE_VERSION ""
| #define PACKAGE_STRING ""
| #define PACKAGE_BUGREPORT ""
| #define HAVE_LIBNSL 1
| #define HAVE_LIBRESOLV 1
| #define HAVE_LIBCRYPT 1
| #define STDC_HEADERS 1
| #define HAVE_SYS_TYPES_H 1
| #define HAVE_SYS_STAT_H 1
| #define HAVE_STDLIB_H 1
| #define HAVE_STRING_H 1
| #define HAVE_MEMORY_H 1
| #define HAVE_STRINGS_H 1
| #define HAVE_INTTYPES_H 1
| #define HAVE_STDINT_H 1
| #define HAVE_UNISTD_H 1
| #define HAVE_FCNTL_H 1
| #define HAVE_LIMITS_H 1
| #define HAVE_MALLOC_H 1
| #define HAVE_NETDB_H 1
| #define HAVE_NETINET_IN_H 1
| #define HAVE_STDDEF_H 1
| #define HAVE_STDLIB_H 1
| #define HAVE_STRING_H 1
| #define HAVE_STRINGS_H 1
| #define HAVE_SYS_FILE_H 1
| #define HAVE_SYS_IOCTL_H 1
| #define HAVE_SYS_PARAM_H 1
| #define HAVE_SYS_SOCKET_H 1
| #define HAVE_SYS_TIME_H 1
| #define HAVE_SYSLOG_H 1
| #define HAVE_UNISTD_H 1
| #define HAVE_UTMP_H 1
| #define HAVE_INTTYPES_H 1
| #define HAVE_SYS_RESOURCE_H 1
| #define HAVE_ERRNO_H 1
| #define HAVE_STDLIB_H 1
| #define HAVE_STDDEF_H 1
| #define HAVE_GETOPT_H 1
| #define HAVE_MINMAX 1
| #define HAVE_ALARM 1
| #define HAVE_DUP2 1
| #define HAVE_GETHOSTBYNAME 1
| #define HAVE_GETHOSTNAME 1
| #define HAVE_GETPASS 1
| #define HAVE_GETTIMEOFDAY 1
| #define HAVE_INET_NTOA 1
| #define HAVE_ISASCII 1
| #define HAVE_MEMMOVE 1
| #define HAVE_MEMSET 1
| #define HAVE_MUNMAP 1
| #define HAVE_SETENV 1
| #define HAVE_SOCKET 1
| #define HAVE_STRCASECMP 1
| #define HAVE_STRCHR 1
| #define HAVE_STRDUP 1
| #define HAVE_STRERROR 1
| #define HAVE_STRNCASECMP 1
| #define HAVE_STRRCHR 1
| #define HAVE_STRTOL 1
| #define HAVE_STRTOUL 1
| #define HAVE_INDEX 1
| #define HAVE_STRERROR 1
| #define HAVE_STRTOK 1
| #define HAVE_INET_ADDR 1
| #define HAVE_INET_NETOF 1
| #define HAVE_INET_ATON 1
| #define HAVE_GETTIMEOFDAY 1
| #define HAVE_LRAND48 1
| #define HAVE_SIGACTION 1
| #define HAVE_BZERO 1
| #define HAVE_BCMP 1
| #define HAVE_BCOPY 1
| /* end confdefs.h.  */
| /* Define dn_skipname to an innocuous variant, in case <limits.h> declares dn_skipname.
|    For example, HP-UX 11i <limits.h> declares gettimeofday.  */
| #define dn_skipname innocuous_dn_skipname
| 
| /* System header to define __stub macros and hopefully few prototypes,
|     which can conflict with char dn_skipname (); below.
|     Prefer <limits.h> to <assert.h> if __STDC__ is defined, since
|     <limits.h> exists even on freestanding compilers.  */
| 
| #ifdef __STDC__
| # include <limits.h>
| #else
| # include <assert.h>
| #endif
| 
| #undef dn_skipname
| 
| /* Override any GCC internal prototype to avoid an error.
|    Use char because int might match the return type of a GCC
|    builtin and then its argument prototype would still apply.  */
| #ifdef __cplusplus
| extern "C"
| #endif
| char dn_skipname ();
| /* The GNU C library defines this for functions which it implements
|     to always fail with ENOSYS.  Some functions are actually named
|     something starting with __ and the normal name is an alias.  */
| #if defined __stub_dn_skipname || defined __stub___dn_skipname
| choke me
| #endif
| 
| int
| main ()
| {
| return dn_skipname ();
|   ;
|   return 0;
| }
Config:6462: result: no
Config:6382: checking for __dn_skipname
Config:6438: gcc -o conftest    conftest.c -lcrypt -lresolv -lnsl  >&5
Config:6444: $? = 0
Config:6462: result: yes
Config:6382: checking for getrusage
Config:6438: gcc -o conftest    conftest.c -lcrypt -lresolv -lnsl  >&5
Config:6444: $? = 0
Config:6462: result: yes
Config:6382: checking for times
Config:6438: gcc -o conftest    conftest.c -lcrypt -lresolv -lnsl  >&5
Config:6444: $? = 0
Config:6462: result: yes
Config:6382: checking for break
Config:6438: gcc -o conftest    conftest.c -lcrypt -lresolv -lnsl  >&5
conftest.c:104:6: error: expected identifier or '(' before 'break'
conftest.c: In function 'main':
conftest.c:115:8: error: expected expression before 'break'
Config:6444: $? = 1
Config: failed program was:
| /* confdefs.h.  */
| #define PACKAGE_NAME ""
| #define PACKAGE_TARNAME ""
| #define PACKAGE_VERSION ""
| #define PACKAGE_STRING ""
| #define PACKAGE_BUGREPORT ""
| #define HAVE_LIBNSL 1
| #define HAVE_LIBRESOLV 1
| #define HAVE_LIBCRYPT 1
| #define STDC_HEADERS 1
| #define HAVE_SYS_TYPES_H 1
| #define HAVE_SYS_STAT_H 1
| #define HAVE_STDLIB_H 1
| #define HAVE_STRING_H 1
| #define HAVE_MEMORY_H 1
| #define HAVE_STRINGS_H 1
| #define HAVE_INTTYPES_H 1
| #define HAVE_STDINT_H 1
| #define HAVE_UNISTD_H 1
| #define HAVE_FCNTL_H 1
| #define HAVE_LIMITS_H 1
| #define HAVE_MALLOC_H 1
| #define HAVE_NETDB_H 1
| #define HAVE_NETINET_IN_H 1
| #define HAVE_STDDEF_H 1
| #define HAVE_STDLIB_H 1
| #define HAVE_STRING_H 1
| #define HAVE_STRINGS_H 1
| #define HAVE_SYS_FILE_H 1
| #define HAVE_SYS_IOCTL_H 1
| #define HAVE_SYS_PARAM_H 1
| #define HAVE_SYS_SOCKET_H 1
| #define HAVE_SYS_TIME_H 1
| #define HAVE_SYSLOG_H 1
| #define HAVE_UNISTD_H 1
| #define HAVE_UTMP_H 1
| #define HAVE_INTTYPES_H 1
| #define HAVE_SYS_RESOURCE_H 1
| #define HAVE_ERRNO_H 1
| #define HAVE_STDLIB_H 1
| #define HAVE_STDDEF_H 1
| #define HAVE_GETOPT_H 1
| #define HAVE_MINMAX 1
| #define HAVE_ALARM 1
| #define HAVE_DUP2 1
| #define HAVE_GETHOSTBYNAME 1
| #define HAVE_GETHOSTNAME 1
| #define HAVE_GETPASS 1
| #define HAVE_GETTIMEOFDAY 1
| #define HAVE_INET_NTOA 1
| #define HAVE_ISASCII 1
| #define HAVE_MEMMOVE 1
| #define HAVE_MEMSET 1
| #define HAVE_MUNMAP 1
| #define HAVE_SETENV 1
| #define HAVE_SOCKET 1
| #define HAVE_STRCASECMP 1
| #define HAVE_STRCHR 1
| #define HAVE_STRDUP 1
| #define HAVE_STRERROR 1
| #define HAVE_STRNCASECMP 1
| #define HAVE_STRRCHR 1
| #define HAVE_STRTOL 1
| #define HAVE_STRTOUL 1
| #define HAVE_INDEX 1
| #define HAVE_STRERROR 1
| #define HAVE_STRTOK 1
| #define HAVE_INET_ADDR 1
| #define HAVE_INET_NETOF 1
| #define HAVE_INET_ATON 1
| #define HAVE_GETTIMEOFDAY 1
| #define HAVE_LRAND48 1
| #define HAVE_SIGACTION 1
| #define HAVE_BZERO 1
| #define HAVE_BCMP 1
| #define HAVE_BCOPY 1
| #define HAVE___DN_SKIPNAME 1
| #define HAVE_GETRUSAGE 1
| #define HAVE_TIMES 1
| /* end confdefs.h.  */
| /* Define break to an innocuous variant, in case <limits.h> declares break.
|    For example, HP-UX 11i <limits.h> declares gettimeofday.  */
| #define break innocuous_break
| 
| /* System header to define __stub macros and hopefully few prototypes,
|     which can conflict with char break (); below.
|     Prefer <limits.h> to <assert.h> if __STDC__ is defined, since
|     <limits.h> exists even on freestanding compilers.  */
| 
| #ifdef __STDC__
| # include <limits.h>
| #else
| # include <assert.h>
| #endif
| 
| #undef break
| 
| /* Override any GCC internal prototype to avoid an error.
|    Use char because int might match the return type of a GCC
|    builtin and then its argument prototype would still apply.  */
| #ifdef __cplusplus
| extern "C"
| #endif
| char break ();
| /* The GNU C library defines this for functions which it implements
|     to always fail with ENOSYS.  Some functions are actually named
|     something starting with __ and the normal name is an alias.  */
| #if defined __stub_break || defined __stub___break
| choke me
| #endif
| 
| int
| main ()
| {
| return break ();
|   ;
|   return 0;
| }
Config:6462: result: no
Config:6382: checking for inet_pton
Config:6438: gcc -o conftest    conftest.c -lcrypt -lresolv -lnsl  >&5
Config:6444: $? = 0
Config:6462: result: yes
Config:6382: checking for inet_ntop
Config:6438: gcc -o conftest    conftest.c -lcrypt -lresolv -lnsl  >&5
Config:6444: $? = 0
Config:6462: result: yes
Config:6474: checking for va_copy
Config:6500: gcc -o conftest    conftest.c -lcrypt -lresolv -lnsl  >&5
Config:6506: $? = 0
Config:6524: result: yes
Config:6533: checking for __va_copy
Config:6559: gcc -o conftest    conftest.c -lcrypt -lresolv -lnsl  >&5
Config:6565: $? = 0
Config:6583: result: yes
Config:6598: checking for stdlib.h
Config:6604: result: yes
Config:6598: checking for unistd.h
Config:6604: result: yes
Config:6737: checking for getpagesize
Config:6793: gcc -o conftest    conftest.c -lcrypt -lresolv -lnsl  >&5
Config:6799: $? = 0
Config:6817: result: yes
Config:6827: checking for working mmap
Config:6974: gcc -o conftest    conftest.c -lcrypt -lresolv -lnsl  >&5
Config:6977: $? = 0
Config:6983: ./conftest
Config:6986: $? = 0
Config:7002: result: yes
Config:7014: checking for OpenSSL
Config:7055: result: disabled
Config:7151: Enabling client throttle protection
Config:7162: Enabling encrypted OLine passwords
Config:7173: Enabling No Channel Operators while split protection
Config:7184: Enabling connection headers
Config:7243: checking whether gcc needs -traditional
Config:7285: result: no
Config:7294: checking for u_int32_t
Config:7324: gcc -c   conftest.c >&5
Config:7330: $? = 0
Config:7345: result: yes
Config:7358: checking for uintptr_t
Config:7388: gcc -c   conftest.c >&5
Config:7394: $? = 0
Config:7409: result: yes
Config:7672: checking for poll
Config:7728: gcc -o conftest    conftest.c -lcrypt -lresolv -lnsl  >&5
Config:7734: $? = 0
Config:7751: result: yes
Config:7770: checking sys/epoll.h usability
Config:7787: gcc -c   conftest.c >&5
Config:7793: $? = 0
Config:7807: result: yes
Config:7811: checking sys/epoll.h presence
Config:7826: gcc -E  conftest.c
Config:7832: $? = 0
Config:7846: result: yes
Config:7874: checking for sys/epoll.h
Config:7881: result: yes
Config:7892: checking for epoll_create in -lepoll
Config:7927: gcc -o conftest    conftest.c -lepoll  -lcrypt -lresolv -lnsl  >&5
/usr/bin/ld: cannot find -lepoll
collect2: ld returned 1 exit status
Config:7933: $? = 1
Config: failed program was:
| /* confdefs.h.  */
| #define PACKAGE_NAME ""
| #define PACKAGE_TARNAME ""
| #define PACKAGE_VERSION ""
| #define PACKAGE_STRING ""
| #define PACKAGE_BUGREPORT ""
| #define HAVE_LIBNSL 1
| #define HAVE_LIBRESOLV 1
| #define HAVE_LIBCRYPT 1
| #define STDC_HEADERS 1
| #define HAVE_SYS_TYPES_H 1
| #define HAVE_SYS_STAT_H 1
| #define HAVE_STDLIB_H 1
| #define HAVE_STRING_H 1
| #define HAVE_MEMORY_H 1
| #define HAVE_STRINGS_H 1
| #define HAVE_INTTYPES_H 1
| #define HAVE_STDINT_H 1
| #define HAVE_UNISTD_H 1
| #define HAVE_FCNTL_H 1
| #define HAVE_LIMITS_H 1
| #define HAVE_MALLOC_H 1
| #define HAVE_NETDB_H 1
| #define HAVE_NETINET_IN_H 1
| #define HAVE_STDDEF_H 1
| #define HAVE_STDLIB_H 1
| #define HAVE_STRING_H 1
| #define HAVE_STRINGS_H 1
| #define HAVE_SYS_FILE_H 1
| #define HAVE_SYS_IOCTL_H 1
| #define HAVE_SYS_PARAM_H 1
| #define HAVE_SYS_SOCKET_H 1
| #define HAVE_SYS_TIME_H 1
| #define HAVE_SYSLOG_H 1
| #define HAVE_UNISTD_H 1
| #define HAVE_UTMP_H 1
| #define HAVE_INTTYPES_H 1
| #define HAVE_SYS_RESOURCE_H 1
| #define HAVE_ERRNO_H 1
| #define HAVE_STDLIB_H 1
| #define HAVE_STDDEF_H 1
| #define HAVE_GETOPT_H 1
| #define HAVE_MINMAX 1
| #define HAVE_ALARM 1
| #define HAVE_DUP2 1
| #define HAVE_GETHOSTBYNAME 1
| #define HAVE_GETHOSTNAME 1
| #define HAVE_GETPASS 1
| #define HAVE_GETTIMEOFDAY 1
| #define HAVE_INET_NTOA 1
| #define HAVE_ISASCII 1
| #define HAVE_MEMMOVE 1
| #define HAVE_MEMSET 1
| #define HAVE_MUNMAP 1
| #define HAVE_SETENV 1
| #define HAVE_SOCKET 1
| #define HAVE_STRCASECMP 1
| #define HAVE_STRCHR 1
| #define HAVE_STRDUP 1
| #define HAVE_STRERROR 1
| #define HAVE_STRNCASECMP 1
| #define HAVE_STRRCHR 1
| #define HAVE_STRTOL 1
| #define HAVE_STRTOUL 1
| #define HAVE_INDEX 1
| #define HAVE_STRERROR 1
| #define HAVE_STRTOK 1
| #define HAVE_INET_ADDR 1
| #define HAVE_INET_NETOF 1
| #define HAVE_INET_ATON 1
| #define HAVE_GETTIMEOFDAY 1
| #define HAVE_LRAND48 1
| #define HAVE_SIGACTION 1
| #define HAVE_BZERO 1
| #define HAVE_BCMP 1
| #define HAVE_BCOPY 1
| #define HAVE___DN_SKIPNAME 1
| #define HAVE_GETRUSAGE 1
| #define HAVE_TIMES 1
| #define HAVE_INET_PTON 1
| #define HAVE_INET_NTOP 1
| #define HAVE_VA_COPY 1
| #define HAVE___VA_COPY 1
| #define HAVE_STDLIB_H 1
| #define HAVE_UNISTD_H 1
| #define HAVE_GETPAGESIZE 1
| #define HAVE_MMAP 1
| #define THROTTLE_ENABLE 1
| #define CRYPT_OPER_PASSWORD 1
| #define NO_CHANOPS_WHEN_SPLIT 1
| #define SHOW_HEADERS 1
| /* end confdefs.h.  */
| 
| /* Override any GCC internal prototype to avoid an error.
|    Use char because int might match the return type of a GCC
|    builtin and then its argument prototype would still apply.  */
| #ifdef __cplusplus
| extern "C"
| #endif
| char epoll_create ();
| int
| main ()
| {
| return epoll_create ();
|   ;
|   return 0;
| }
Config:7951: result: no
Config:7960: checking for epoll_create without -lepoll
Config:7993: gcc -o conftest    conftest.c -lcrypt -lresolv -lnsl  >&5
conftest.c:100:36: error: expected declaration specifiers or '...' before 'epoll_create'
conftest.c:100:55: error: unknown type name 'size'
Config:7996: $? = 1
Config: program exited with status 1
Config: failed program was:
| /* confdefs.h.  */
| #define PACKAGE_NAME ""
| #define PACKAGE_TARNAME ""
| #define PACKAGE_VERSION ""
| #define PACKAGE_STRING ""
| #define PACKAGE_BUGREPORT ""
| #define HAVE_LIBNSL 1
| #define HAVE_LIBRESOLV 1
| #define HAVE_LIBCRYPT 1
| #define STDC_HEADERS 1
| #define HAVE_SYS_TYPES_H 1
| #define HAVE_SYS_STAT_H 1
| #define HAVE_STDLIB_H 1
| #define HAVE_STRING_H 1
| #define HAVE_MEMORY_H 1
| #define HAVE_STRINGS_H 1
| #define HAVE_INTTYPES_H 1
| #define HAVE_STDINT_H 1
| #define HAVE_UNISTD_H 1
| #define HAVE_FCNTL_H 1
| #define HAVE_LIMITS_H 1
| #define HAVE_MALLOC_H 1
| #define HAVE_NETDB_H 1
| #define HAVE_NETINET_IN_H 1
| #define HAVE_STDDEF_H 1
| #define HAVE_STDLIB_H 1
| #define HAVE_STRING_H 1
| #define HAVE_STRINGS_H 1
| #define HAVE_SYS_FILE_H 1
| #define HAVE_SYS_IOCTL_H 1
| #define HAVE_SYS_PARAM_H 1
| #define HAVE_SYS_SOCKET_H 1
| #define HAVE_SYS_TIME_H 1
| #define HAVE_SYSLOG_H 1
| #define HAVE_UNISTD_H 1
| #define HAVE_UTMP_H 1
| #define HAVE_INTTYPES_H 1
| #define HAVE_SYS_RESOURCE_H 1
| #define HAVE_ERRNO_H 1
| #define HAVE_STDLIB_H 1
| #define HAVE_STDDEF_H 1
| #define HAVE_GETOPT_H 1
| #define HAVE_MINMAX 1
| #define HAVE_ALARM 1
| #define HAVE_DUP2 1
| #define HAVE_GETHOSTBYNAME 1
| #define HAVE_GETHOSTNAME 1
| #define HAVE_GETPASS 1
| #define HAVE_GETTIMEOFDAY 1
| #define HAVE_INET_NTOA 1
| #define HAVE_ISASCII 1
| #define HAVE_MEMMOVE 1
| #define HAVE_MEMSET 1
| #define HAVE_MUNMAP 1
| #define HAVE_SETENV 1
| #define HAVE_SOCKET 1
| #define HAVE_STRCASECMP 1
| #define HAVE_STRCHR 1
| #define HAVE_STRDUP 1
| #define HAVE_STRERROR 1
| #define HAVE_STRNCASECMP 1
| #define HAVE_STRRCHR 1
| #define HAVE_STRTOL 1
| #define HAVE_STRTOUL 1
| #define HAVE_INDEX 1
| #define HAVE_STRERROR 1
| #define HAVE_STRTOK 1
| #define HAVE_INET_ADDR 1
| #define HAVE_INET_NETOF 1
| #define HAVE_INET_ATON 1
| #define HAVE_GETTIMEOFDAY 1
| #define HAVE_LRAND48 1
| #define HAVE_SIGACTION 1
| #define HAVE_BZERO 1
| #define HAVE_BCMP 1
| #define HAVE_BCOPY 1
| #define HAVE___DN_SKIPNAME 1
| #define HAVE_GETRUSAGE 1
| #define HAVE_TIMES 1
| #define HAVE_INET_PTON 1
| #define HAVE_INET_NTOP 1
| #define HAVE_VA_COPY 1
| #define HAVE___VA_COPY 1
| #define HAVE_STDLIB_H 1
| #define HAVE_UNISTD_H 1
| #define HAVE_GETPAGESIZE 1
| #define HAVE_MMAP 1
| #define THROTTLE_ENABLE 1
| #define CRYPT_OPER_PASSWORD 1
| #define NO_CHANOPS_WHEN_SPLIT 1
| #define SHOW_HEADERS 1
| /* end confdefs.h.  */
| 
|                     #include <stdint.h>
|                     #include <sys/epoll.h>
|                     #include <errno.h>
| 
|                     #include <asm/unistd.h>
| 
|                     _syscall1(int, epoll_create, int, size)
| 
|                     int main(int argc, char **argv) { return epoll_create(5) < 1; }
| 
Config:8020: result: no
Config:8810: checking Maximum file descriptors
Config:8856: result: 4076
Config:8887: checking for pwd
Config:8905: found /bin/pwd
Config:8918: result: /bin/pwd
Config:8936: checking for ccdv
Config:9026: result: /root/irc/Surreal0.0.1/ccdv
Config:9155: creating ./config.status

## ---------------------- ##
## Running config.status. ##
## ---------------------- ##

This file was extended by config.status, which was
generated by GNU Autoconf 2.61.  Invocation command line was

  CONFIG_FILES    = 
  CONFIG_HEADERS  = 
  CONFIG_LINKS    = 
  CONFIG_COMMANDS = 
  $ ./config.status 

on skittles

config.status:637: creating Makefile
config.status:637: creating data/Makefile
config.status:637: creating data/networks/Makefile
config.status:637: creating src/Makefile
config.status:637: creating tools/Makefile
config.status:637: creating tools/ircdcron/Makefile
config.status:637: creating tools/ssl-cert/Makefile
config.status:637: creating zlib/Makefile
config.status:637: creating include/setup.h
config.status:940: include/setup.h is unchanged

## ---------------- ##
## Cache variables. ##
## ---------------- ##

ac_cv_acebot_rejection=no
ac_cv_build=i686-pc-linux-gnu
ac_cv_c_compiler_gnu=yes
ac_cv_c_inline=inline
ac_cv_chinese_nick=no
ac_cv_crypted_oper_password=yes
ac_cv_debugmode=no
ac_cv_env_CC_set=
ac_cv_env_CC_value=
ac_cv_env_CFLAGS_set=
ac_cv_env_CFLAGS_value=
ac_cv_env_CPPFLAGS_set=
ac_cv_env_CPPFLAGS_value=
ac_cv_env_CPP_set=
ac_cv_env_CPP_value=
ac_cv_env_LDFLAGS_set=
ac_cv_env_LDFLAGS_value=
ac_cv_env_LIBS_set=
ac_cv_env_LIBS_value=
ac_cv_env_build_alias_set=
ac_cv_env_build_alias_value=
ac_cv_env_host_alias_set=
ac_cv_env_host_alias_value=
ac_cv_env_target_alias_set=
ac_cv_env_target_alias_value=
ac_cv_func___dn_skipname=yes
ac_cv_func___res_mkquery=yes
ac_cv_func_alarm=yes
ac_cv_func_bcmp=yes
ac_cv_func_bcopy=yes
ac_cv_func_break=no
ac_cv_func_bzero=yes
ac_cv_func_crypt=no
ac_cv_func_dn_skipname=no
ac_cv_func_dup2=yes
ac_cv_func_gethostbyname=yes
ac_cv_func_gethostname=yes
ac_cv_func_getpagesize=yes
ac_cv_func_getpass=yes
ac_cv_func_getrusage=yes
ac_cv_func_gettimeofday=yes
ac_cv_func_index=yes
ac_cv_func_inet_addr=yes
ac_cv_func_inet_aton=yes
ac_cv_func_inet_netof=yes
ac_cv_func_inet_ntoa=yes
ac_cv_func_inet_ntop=yes
ac_cv_func_inet_pton=yes
ac_cv_func_isascii=yes
ac_cv_func_lrand48=yes
ac_cv_func_memmove=yes
ac_cv_func_memset=yes
ac_cv_func_mmap_fixed_mapped=yes
ac_cv_func_munmap=yes
ac_cv_func_poll=yes
ac_cv_func_res_mkquery=no
ac_cv_func_setenv=yes
ac_cv_func_sigaction=yes
ac_cv_func_socket=yes
ac_cv_func_strcasecmp=yes
ac_cv_func_strchr=yes
ac_cv_func_strdup=yes
ac_cv_func_strerror=yes
ac_cv_func_strncasecmp=yes
ac_cv_func_strrchr=yes
ac_cv_func_strtok=yes
ac_cv_func_strtoken=no
ac_cv_func_strtol=yes
ac_cv_func_strtoul=yes
ac_cv_func_times=yes
ac_cv_header_errno_h=yes
ac_cv_header_fcntl_h=yes
ac_cv_header_getopt_h=yes
ac_cv_header_inttypes_h=yes
ac_cv_header_limits_h=yes
ac_cv_header_malloc_h=yes
ac_cv_header_memory_h=yes
ac_cv_header_netdb_h=yes
ac_cv_header_netinet_in_h=yes
ac_cv_header_stdc=yes
ac_cv_header_stddef_h=yes
ac_cv_header_stdint_h=yes
ac_cv_header_stdlib_h=yes
ac_cv_header_string_h=yes
ac_cv_header_strings_h=yes
ac_cv_header_sys_epoll_h=yes
ac_cv_header_sys_file_h=yes
ac_cv_header_sys_ioctl_h=yes
ac_cv_header_sys_param_h=yes
ac_cv_header_sys_resource_h=yes
ac_cv_header_sys_socket_h=yes
ac_cv_header_sys_stat_h=yes
ac_cv_header_sys_time_h=yes
ac_cv_header_sys_types_h=yes
ac_cv_header_syslog_h=yes
ac_cv_header_unistd_h=yes
ac_cv_header_utmp_h=yes
ac_cv_host=i686-pc-linux-gnu
ac_cv_ipv6=no
ac_cv_lib_crypt_crypt=yes
ac_cv_lib_descrypt_crypt=no
ac_cv_lib_epoll_epoll_create=no
ac_cv_lib_nsl_gethostbyname=yes
ac_cv_lib_resolv_res_mkquery=yes
ac_cv_lib_socket_socket=no
ac_cv_maintainer=no
ac_cv_maxclients=4076
ac_cv_no_chanops_when_split=yes
ac_cv_objext=o
ac_cv_path_AR=/usr/bin/ar
ac_cv_path_CP=/bin/cp
ac_cv_path_EGREP='/bin/grep -E'
ac_cv_path_GREP=/bin/grep
ac_cv_path_LD=/usr/bin/ld
ac_cv_path_LN=/bin/ln
ac_cv_path_MV=/bin/mv
ac_cv_path_RM=/bin/rm
ac_cv_path_SED=/bin/sed
ac_cv_path_install='/usr/bin/install -c'
ac_cv_path_wi_PWD=/bin/pwd
ac_cv_prog_CPP='gcc -E'
ac_cv_prog_ac_ct_CC=gcc
ac_cv_prog_ac_ct_RANLIB=ranlib
ac_cv_prog_cc_c89=
ac_cv_prog_cc_g=yes
ac_cv_prog_gcc_traditional=no
ac_cv_prog_make_make_set=yes
ac_cv_search_strerror='none required'
ac_cv_show_headers=yes
ac_cv_target=i686-pc-linux-gnu
ac_cv_throttle=yes
ac_cv_type_u_int32_t=yes
ac_cv_type_uintptr_t=yes
wi_cv_path_ccdv=/root/irc/Surreal0.0.1/ccdv

## ----------------- ##
## Output variables. ##
## ----------------- ##

AR='/usr/bin/ar'
CC='gcc'
CCDV='@/root/irc/Surreal0.0.1/ccdv '
CFLAGS=''
CP='/bin/cp'
CPP='gcc -E'
CPPFLAGS=''
DEFS='-DHAVE_CONFIG_H'
ECHO_C=''
ECHO_N='-n'
ECHO_T=''
EGREP='/bin/grep -E'
ENCRYPT_SRC=''
EXEEXT=''
GREP='/bin/grep'
INCDEP=''
INSTALL_DATA='${INSTALL} -m 644'
INSTALL_PROGRAM='${INSTALL}'
INSTALL_SCRIPT='${INSTALL}'
IRC_CFLAGS='-O2 -g '
LD='/usr/bin/ld'
LDFLAGS=''
LIBOBJS=''
LIBS='-lcrypt -lresolv -lnsl '
LN='/bin/ln'
LTLIBOBJS=''
MKDEP='gcc -MM'
MSGFMT=''
MV='/bin/mv'
OBJEXT='o'
PACKAGE='SurrealIRCd'
PACKAGE_BUGREPORT=''
PACKAGE_NAME=''
PACKAGE_STRING=''
PACKAGE_TARNAME=''
PACKAGE_VERSION=''
PATH_SEPARATOR=':'
RANLIB='ranlib'
RM='/bin/rm'
SED='/bin/sed'
SEDOBJ=''
SET_MAKE=''
SHELL='/bin/bash'
SSL_INCLUDES=''
SSL_LIBS=''
SUBDIR_MESSAGES=''
USECCDV='#'
VERSION='0.0.1'
ac_ct_CC='gcc'
bindir='${exec_prefix}/bin'
build='i686-pc-linux-gnu'
build_alias=''
build_cpu='i686'
build_os='linux-gnu'
build_vendor='pc'
datadir='${datarootdir}'
datarootdir='${prefix}/share'
docdir='${datarootdir}/doc/${PACKAGE}'
dvidir='${docdir}'
exec_prefix='${prefix}'
host='i686-pc-linux-gnu'
host_alias=''
host_cpu='i686'
host_os='linux-gnu'
host_vendor='pc'
htmldir='${docdir}'
includedir='${prefix}/include'
infodir='${datarootdir}/info'
libdir='${exec_prefix}/lib'
libexecdir='${bindir}'
localedir='${datarootdir}/locale'
localstatedir='${prefix}'
mandir='${datarootdir}/man'
oldincludedir='/usr/include'
pdfdir='${docdir}'
prefix='/root/SurrealIRCD'
program_transform_name='s,x,x,'
psdir='${docdir}'
sbindir='${exec_prefix}/sbin'
sharedstatedir='${prefix}/com'
sysconfdir='${prefix}/etc'
target='i686-pc-linux-gnu'
target_alias=''
target_cpu='i686'
target_os='linux-gnu'
target_vendor='pc'
wi_PWD='/bin/pwd'

## ----------- ##
## confdefs.h. ##
## ----------- ##

#define PACKAGE_NAME ""
#define PACKAGE_TARNAME ""
#define PACKAGE_VERSION ""
#define PACKAGE_STRING ""
#define PACKAGE_BUGREPORT ""
#define HAVE_LIBNSL 1
#define HAVE_LIBRESOLV 1
#define HAVE_LIBCRYPT 1
#define STDC_HEADERS 1
#define HAVE_SYS_TYPES_H 1
#define HAVE_SYS_STAT_H 1
#define HAVE_STDLIB_H 1
#define HAVE_STRING_H 1
#define HAVE_MEMORY_H 1
#define HAVE_STRINGS_H 1
#define HAVE_INTTYPES_H 1
#define HAVE_STDINT_H 1
#define HAVE_UNISTD_H 1
#define HAVE_FCNTL_H 1
#define HAVE_LIMITS_H 1
#define HAVE_MALLOC_H 1
#define HAVE_NETDB_H 1
#define HAVE_NETINET_IN_H 1
#define HAVE_STDDEF_H 1
#define HAVE_STDLIB_H 1
#define HAVE_STRING_H 1
#define HAVE_STRINGS_H 1
#define HAVE_SYS_FILE_H 1
#define HAVE_SYS_IOCTL_H 1
#define HAVE_SYS_PARAM_H 1
#define HAVE_SYS_SOCKET_H 1
#define HAVE_SYS_TIME_H 1
#define HAVE_SYSLOG_H 1
#define HAVE_UNISTD_H 1
#define HAVE_UTMP_H 1
#define HAVE_INTTYPES_H 1
#define HAVE_SYS_RESOURCE_H 1
#define HAVE_ERRNO_H 1
#define HAVE_STDLIB_H 1
#define HAVE_STDDEF_H 1
#define HAVE_GETOPT_H 1
#define HAVE_MINMAX 1
#define HAVE_ALARM 1
#define HAVE_DUP2 1
#define HAVE_GETHOSTBYNAME 1
#define HAVE_GETHOSTNAME 1
#define HAVE_GETPASS 1
#define HAVE_GETTIMEOFDAY 1
#define HAVE_INET_NTOA 1
#define HAVE_ISASCII 1
#define HAVE_MEMMOVE 1
#define HAVE_MEMSET 1
#define HAVE_MUNMAP 1
#define HAVE_SETENV 1
#define HAVE_SOCKET 1
#define HAVE_STRCASECMP 1
#define HAVE_STRCHR 1
#define HAVE_STRDUP 1
#define HAVE_STRERROR 1
#define HAVE_STRNCASECMP 1
#define HAVE_STRRCHR 1
#define HAVE_STRTOL 1
#define HAVE_STRTOUL 1
#define HAVE_INDEX 1
#define HAVE_STRERROR 1
#define HAVE_STRTOK 1
#define HAVE_INET_ADDR 1
#define HAVE_INET_NETOF 1
#define HAVE_INET_ATON 1
#define HAVE_GETTIMEOFDAY 1
#define HAVE_LRAND48 1
#define HAVE_SIGACTION 1
#define HAVE_BZERO 1
#define HAVE_BCMP 1
#define HAVE_BCOPY 1
#define HAVE___DN_SKIPNAME 1
#define HAVE_GETRUSAGE 1
#define HAVE_TIMES 1
#define HAVE_INET_PTON 1
#define HAVE_INET_NTOP 1
#define HAVE_VA_COPY 1
#define HAVE___VA_COPY 1
#define HAVE_STDLIB_H 1
#define HAVE_UNISTD_H 1
#define HAVE_GETPAGESIZE 1
#define HAVE_MMAP 1
#define THROTTLE_ENABLE 1
#define CRYPT_OPER_PASSWORD 1
#define NO_CHANOPS_WHEN_SPLIT 1
#define SHOW_HEADERS 1
#define USE_POLL 1
#define INIT_MAXCLIENTS 4076

Config: exit 0
